<?xml version="1.0" encoding="UTF-8"?>
<robot generator="Robot 7.0 (Python 3.11.3 on win32)" generated="2025-02-13T17:04:54.086153" rpa="false" schemaversion="5">
<suite id="s1" name="Test" source="C:\Teste_Aut_ViaCEP\test.robot">
<test id="s1-t1" name="01 - Consultar um CEP Válido" line="37">
<kw name="GET" owner="RequestsLibrary">
<msg time="2025-02-13T17:04:55.171453" level="INFO">GET Request : url=https://viacep.com.br/ws/51111011/json/ 
 path_url=/ws/51111011/json/ 
 headers={'User-Agent': 'python-requests/2.32.3', 'Accept-Encoding': 'gzip, deflate', 'Accept': '*/*', 'Connection': 'keep-alive'} 
 body=None 
 </msg>
<msg time="2025-02-13T17:04:55.171453" level="INFO">GET Response : url=https://viacep.com.br/ws/51111011/json/ 
 status=200, reason=OK 
 headers={'Server': 'nginx/1.22.0', 'Date': 'Thu, 13 Feb 2025 20:04:53 GMT', 'Content-Type': 'application/json; charset=utf-8', 'Transfer-Encoding': 'chunked', 'Connection': 'keep-alive', 'Expires': 'Thu, 13 Feb 2025 21:04:53 GMT', 'Cache-Control': 'max-age=3600, public', 'Pragma': 'public', 'Access-Control-Allow-Origin': '*', 'Access-Control-Allow-Methods': 'GET', 'Access-Control-Allow-Headers': 'Content-Type, X-Request-With, X-Requested-By', 'Access-Control-Allow-Credentials': 'true', 'Access-Control-Max-Age': '86400'} 
 body={
  "cep": "51111-011",
  "logradouro": "Avenida Conselheiro Aguiar",
  "complemento": "de 1367 a 2255 - lado ímpar",
  "unidade": "",
  "bairro": "Boa Viagem",
  "localidade": "Recife",
  "uf": "PE",
  "estado": "Pernambuco",
  "regiao": "Nordeste",
  "ibge": "2611606",
  "gia": "",
  "ddd": "81",
  "siafi": "2531"
} 
 </msg>
<msg time="2025-02-13T17:04:55.171453" level="INFO">${response} = &lt;Response [200]&gt;</msg>
<var>${response}</var>
<arg>${BASE_URL}${CEP_VÁLIDO}/json/</arg>
<doc>Sends a GET request.</doc>
<status status="PASS" start="2025-02-13T17:04:54.452878" elapsed="0.718575"/>
</kw>
<kw name="Request Should Be Successful" owner="RequestsLibrary">
<arg>${response}</arg>
<doc>Fails if response status code is a client or server error (4xx, 5xx).</doc>
<status status="PASS" start="2025-02-13T17:04:55.171453" elapsed="0.000000"/>
</kw>
<kw name="Set Variable" owner="BuiltIn">
<msg time="2025-02-13T17:04:55.177172" level="INFO">${json_data} = {'cep': '51111-011', 'logradouro': 'Avenida Conselheiro Aguiar', 'complemento': 'de 1367 a 2255 - lado ímpar', 'unidade': '', 'bairro': 'Boa Viagem', 'localidade': 'Recife', 'uf': 'PE', 'estado': 'Per...</msg>
<var>${json_data}</var>
<arg>${response.json()}</arg>
<doc>Returns the given values which can then be assigned to a variables.</doc>
<status status="PASS" start="2025-02-13T17:04:55.171453" elapsed="0.005719"/>
</kw>
<kw name="Evaluate" owner="BuiltIn">
<msg time="2025-02-13T17:04:55.177172" level="INFO">${json_string} = {
    "cep": "51111-011",
    "logradouro": "Avenida Conselheiro Aguiar",
    "complemento": "de 1367 a 2255 - lado \u00edmpar",
    "unidade": "",
    "bairro": "Boa Viagem",
    "localidade": "Recif...</msg>
<var>${json_string}</var>
<arg>json.dumps(${json_data}, indent=4)</arg>
<arg>json</arg>
<doc>Evaluates the given expression in Python and returns the result.</doc>
<status status="PASS" start="2025-02-13T17:04:55.177172" elapsed="0.000000"/>
</kw>
<kw name="Create File" owner="OperatingSystem">
<msg time="2025-02-13T17:04:55.177172" level="INFO" html="true">Created file '&lt;a href="file://C:\Teste_Aut_ViaCEP\dados_cep.json"&gt;C:\Teste_Aut_ViaCEP\dados_cep.json&lt;/a&gt;'.</msg>
<arg>${JSON_FILE}</arg>
<arg>${json_string}</arg>
<doc>Creates a file with the given content and encoding.</doc>
<status status="PASS" start="2025-02-13T17:04:55.177172" elapsed="0.000000"/>
</kw>
<kw name="File Should Exist" owner="OperatingSystem">
<msg time="2025-02-13T17:04:55.177172" level="INFO" html="true">File '&lt;a href="file://C:\Teste_Aut_ViaCEP\dados_cep.json"&gt;C:\Teste_Aut_ViaCEP\dados_cep.json&lt;/a&gt;' exists.</msg>
<arg>${JSON_FILE}</arg>
<doc>Fails unless the given ``path`` points to an existing file.</doc>
<status status="PASS" start="2025-02-13T17:04:55.177172" elapsed="0.000000"/>
</kw>
<kw name="Log To Console" owner="BuiltIn">
<arg>JSON salvo em: ${JSON_FILE}</arg>
<doc>Logs the given message to the console.</doc>
<status status="PASS" start="2025-02-13T17:04:55.177172" elapsed="0.004766"/>
</kw>
<kw name="Run Keyword And Ignore Error" owner="BuiltIn">
<kw name="Should Be Equal" owner="BuiltIn">
<msg time="2025-02-13T17:04:55.181938" level="FAIL">{
    "cep": "51111-011",
    "logradouro": "Avenida Conselheiro Aguiar",
    "complemento": "de 1367 a 2255 - lado \u00edmpar",
    "unidade": "",
    "bairro": "Boa Viagem",
    "localidade": "Recife",
    "uf": "PE",
    "estado": "Pernambuco",
    "regiao": "Nordeste",
    "ibge": "2611606",
    "gia": "",
    "ddd": "81",
    "siafi": "2531"
} != {</msg>
<arg>${json_string}</arg>
<arg>${Dados_corretos_51111011}</arg>
<doc>Fails if the given objects are unequal.</doc>
<status status="FAIL" start="2025-02-13T17:04:55.181938" elapsed="0.001643">{
    "cep": "51111-011",
    "logradouro": "Avenida Conselheiro Aguiar",
    "complemento": "de 1367 a 2255 - lado \u00edmpar",
    "unidade": "",
    "bairro": "Boa Viagem",
    "localidade": "Recife",
    "uf": "PE",
    "estado": "Pernambuco",
    "regiao": "Nordeste",
    "ibge": "2611606",
    "gia": "",
    "ddd": "81",
    "siafi": "2531"
} != {</status>
</kw>
<msg time="2025-02-13T17:04:55.183581" level="INFO">${result} = ('FAIL', '{\n    "cep": "51111-011",\n    "logradouro": "Avenida Conselheiro Aguiar",\n    "complemento": "de 1367 a 2255 - lado \\u00edmpar",\n    "unidade": "",\n    "bairro": "Boa Viagem",\n    "lo...</msg>
<var>${result}</var>
<arg>Should Be Equal</arg>
<arg>${json_string}</arg>
<arg>${Dados_corretos_51111011}</arg>
<doc>Runs the given keyword with the given arguments and ignores possible error.</doc>
<status status="PASS" start="2025-02-13T17:04:55.181938" elapsed="0.001643"/>
</kw>
<kw name="Run Keyword If" owner="BuiltIn">
<kw name="Log" owner="BuiltIn">
<msg time="2025-02-13T17:04:55.186247" level="ERROR">TESTE NOK: Dados não conferem</msg>
<arg>TESTE NOK: Dados não conferem</arg>
<arg>level=ERROR</arg>
<doc>Logs the given message with the given level.</doc>
<status status="PASS" start="2025-02-13T17:04:55.186247" elapsed="0.000000"/>
</kw>
<arg>'${result[0]}' == 'FAIL'</arg>
<arg>Log</arg>
<arg>TESTE NOK: Dados não conferem</arg>
<arg>level=ERROR</arg>
<doc>Runs the given keyword with the given arguments, if ``condition`` is true.</doc>
<status status="PASS" start="2025-02-13T17:04:55.183581" elapsed="0.002666"/>
</kw>
<kw name="Run Keyword If" owner="BuiltIn">
<arg>'${result[0]}' == 'PASS'</arg>
<arg>Log</arg>
<arg>TESTE OK: Dados corretos</arg>
<doc>Runs the given keyword with the given arguments, if ``condition`` is true.</doc>
<status status="PASS" start="2025-02-13T17:04:55.186247" elapsed="0.000000"/>
</kw>
<doc>Verifica se um CEP válido retorna os dados corretos.</doc>
<status status="PASS" start="2025-02-13T17:04:54.450866" elapsed="0.735381"/>
</test>
<test id="s1-t2" name="02 - Consultar um CEP Inválido" line="50">
<kw name="GET" owner="RequestsLibrary">
<msg time="2025-02-13T17:04:55.770135" level="INFO">GET Request : url=https://viacep.com.br/ws/00100101/json/ 
 path_url=/ws/00100101/json/ 
 headers={'User-Agent': 'python-requests/2.32.3', 'Accept-Encoding': 'gzip, deflate', 'Accept': '*/*', 'Connection': 'keep-alive'} 
 body=None 
 </msg>
<msg time="2025-02-13T17:04:55.770135" level="INFO">GET Response : url=https://viacep.com.br/ws/00100101/json/ 
 status=200, reason=OK 
 headers={'Server': 'nginx/1.22.0', 'Date': 'Thu, 13 Feb 2025 20:04:53 GMT', 'Content-Type': 'application/json; charset=utf-8', 'Transfer-Encoding': 'chunked', 'Connection': 'keep-alive', 'Access-Control-Allow-Origin': '*', 'Access-Control-Allow-Methods': 'GET', 'Access-Control-Allow-Headers': 'Content-Type, X-Request-With, X-Requested-By', 'Access-Control-Allow-Credentials': 'true', 'Access-Control-Max-Age': '86400', 'Strict-Transport-Security': 'max-age=63072000'} 
 body={
  "erro": "true"
} 
 </msg>
<msg time="2025-02-13T17:04:55.785961" level="INFO">${response} = &lt;Response [200]&gt;</msg>
<var>${response}</var>
<arg>${BASE_URL}${CEP_INVÁLIDO}/json/</arg>
<doc>Sends a GET request.</doc>
<status status="PASS" start="2025-02-13T17:04:55.191797" elapsed="0.594164"/>
</kw>
<kw name="Run Keyword And Ignore Error" owner="BuiltIn">
<kw name="Should Not Be Equal As Numbers" owner="BuiltIn">
<msg time="2025-02-13T17:04:55.787549" level="INFO">Argument types are:
&lt;class 'int'&gt;
&lt;class 'str'&gt;</msg>
<msg time="2025-02-13T17:04:55.787549" level="FAIL">200.0 == 200.0</msg>
<arg>${response.status_code}</arg>
<arg>200</arg>
<doc>Fails if objects are equal after converting them to real numbers.</doc>
<status status="FAIL" start="2025-02-13T17:04:55.787549" elapsed="0.000000">200.0 == 200.0</status>
</kw>
<msg time="2025-02-13T17:04:55.787549" level="INFO">${result} = ('FAIL', '200.0 == 200.0')</msg>
<var>${result}</var>
<arg>Should Not Be Equal As Numbers</arg>
<arg>${response.status_code}</arg>
<arg>200</arg>
<doc>Runs the given keyword with the given arguments and ignores possible error.</doc>
<status status="PASS" start="2025-02-13T17:04:55.787549" elapsed="0.000000"/>
</kw>
<kw name="Run Keyword If" owner="BuiltIn">
<kw name="Log" owner="BuiltIn">
<msg time="2025-02-13T17:04:55.788853" level="ERROR">TESTE NOK: Status Code 200 para CEP inválido</msg>
<arg>TESTE NOK: Status Code 200 para CEP inválido</arg>
<arg>level=ERROR</arg>
<doc>Logs the given message with the given level.</doc>
<status status="PASS" start="2025-02-13T17:04:55.788853" elapsed="0.000000"/>
</kw>
<arg>'${result[0]}' == 'FAIL'</arg>
<arg>Log</arg>
<arg>TESTE NOK: Status Code 200 para CEP inválido</arg>
<arg>level=ERROR</arg>
<doc>Runs the given keyword with the given arguments, if ``condition`` is true.</doc>
<status status="PASS" start="2025-02-13T17:04:55.788853" elapsed="0.000000"/>
</kw>
<kw name="Run Keyword If" owner="BuiltIn">
<arg>'${result[0]}' == 'PASS'</arg>
<arg>Log</arg>
<arg>TESTE OK: Status Code diferente de 200</arg>
<doc>Runs the given keyword with the given arguments, if ``condition`` is true.</doc>
<status status="PASS" start="2025-02-13T17:04:55.788853" elapsed="0.000000"/>
</kw>
<kw name="Set Variable" owner="BuiltIn">
<msg time="2025-02-13T17:04:55.788853" level="INFO">${json_data} = {'erro': 'true'}</msg>
<var>${json_data}</var>
<arg>${response.json()}</arg>
<doc>Returns the given values which can then be assigned to a variables.</doc>
<status status="PASS" start="2025-02-13T17:04:55.788853" elapsed="0.000000"/>
</kw>
<kw name="Evaluate" owner="BuiltIn">
<msg time="2025-02-13T17:04:55.788853" level="INFO">${json_string} = {
    "erro": "true"
}</msg>
<var>${json_string}</var>
<arg>json.dumps(${json_data}, indent=4)</arg>
<arg>json</arg>
<doc>Evaluates the given expression in Python and returns the result.</doc>
<status status="PASS" start="2025-02-13T17:04:55.788853" elapsed="0.000000"/>
</kw>
<kw name="Create File" owner="OperatingSystem">
<msg time="2025-02-13T17:04:55.792672" level="INFO" html="true">Created file '&lt;a href="file://C:\Teste_Aut_ViaCEP\dados_cep.json"&gt;C:\Teste_Aut_ViaCEP\dados_cep.json&lt;/a&gt;'.</msg>
<arg>${JSON_FILE}</arg>
<arg>${json_string}</arg>
<doc>Creates a file with the given content and encoding.</doc>
<status status="PASS" start="2025-02-13T17:04:55.788853" elapsed="0.003819"/>
</kw>
<kw name="Run Keyword And Ignore Error" owner="BuiltIn">
<kw name="Should Contain" owner="BuiltIn">
<arg>${json_string}</arg>
<arg>erro</arg>
<doc>Fails if ``container`` does not contain ``item`` one or more times.</doc>
<status status="PASS" start="2025-02-13T17:04:55.794421" elapsed="0.000000"/>
</kw>
<msg time="2025-02-13T17:04:55.794421" level="INFO">${result} = ('PASS', None)</msg>
<var>${result}</var>
<arg>Should Contain</arg>
<arg>${json_string}</arg>
<arg>erro</arg>
<doc>Runs the given keyword with the given arguments and ignores possible error.</doc>
<status status="PASS" start="2025-02-13T17:04:55.792672" elapsed="0.001749"/>
</kw>
<kw name="Run Keyword If" owner="BuiltIn">
<arg>'${result[0]}' == 'FAIL'</arg>
<arg>Log</arg>
<arg>TESTE NOK: JSON não contém erro</arg>
<arg>level=ERROR</arg>
<doc>Runs the given keyword with the given arguments, if ``condition`` is true.</doc>
<status status="PASS" start="2025-02-13T17:04:55.794421" elapsed="0.000000"/>
</kw>
<kw name="Run Keyword If" owner="BuiltIn">
<kw name="Log" owner="BuiltIn">
<msg time="2025-02-13T17:04:55.799121" level="INFO">TESTE OK: JSON contém erro</msg>
<arg>TESTE OK: JSON contém erro</arg>
<doc>Logs the given message with the given level.</doc>
<status status="PASS" start="2025-02-13T17:04:55.799121" elapsed="0.000000"/>
</kw>
<arg>'${result[0]}' == 'PASS'</arg>
<arg>Log</arg>
<arg>TESTE OK: JSON contém erro</arg>
<doc>Runs the given keyword with the given arguments, if ``condition`` is true.</doc>
<status status="PASS" start="2025-02-13T17:04:55.798108" elapsed="0.001013"/>
</kw>
<doc>Testa um CEP inválido e verifica se retorna erro.</doc>
<status status="PASS" start="2025-02-13T17:04:55.191797" elapsed="0.609294"/>
</test>
<test id="s1-t3" name="03 - Consultar um CEP Incompleto" line="63">
<kw name="Run Keyword And Ignore Error" owner="BuiltIn">
<kw name="GET" owner="RequestsLibrary">
<msg time="2025-02-13T17:04:56.441985" level="INFO">GET Request : url=https://viacep.com.br/ws/111/json/ 
 path_url=/ws/111/json/ 
 headers={'User-Agent': 'python-requests/2.32.3', 'Accept-Encoding': 'gzip, deflate', 'Accept': '*/*', 'Connection': 'keep-alive'} 
 body=None 
 </msg>
<msg time="2025-02-13T17:04:56.441985" level="INFO">GET Response : url=https://viacep.com.br/ws/111/json/ 
 status=400, reason=Bad Request 
 headers={'Server': 'nginx/1.22.0', 'Date': 'Thu, 13 Feb 2025 20:04:54 GMT', 'Content-Type': 'text/html; charset=utf-8', 'Content-Length': '494', 'Connection': 'close', 'ETag': '"6242f812-1ee"', 'Strict-Transport-Security': 'max-age=63072000'} 
 body=&lt;!DOCTYPE HTML&gt;
&lt;html lang="pt-br"&gt;

&lt;head&gt;
  &lt;title&gt;ViaCEP 400&lt;/title&gt;
  &lt;meta charset="utf-8" /&gt;
  &lt;style type="text/css"&gt;
      h1 {
          color: #555;
          text-align: center;
          font-size: 4em;
      }
      h2, h3 {
          color: #666;
          text-align: center;
          font-size: 3em;
      }
      h3 {
          font-size: 1.5em;
      }
  &lt;/style&gt;
&lt;/head&gt;

&lt;body&gt;
    &lt;h1&gt;Http 400&lt;/h1&gt;
    &lt;h3&gt;Verifique a URL&lt;/h3&gt;
    &lt;h3&gt;{Bad Request}&lt;/h3&gt;
&lt;/body&gt;

&lt;/html&gt;
 
 </msg>
<msg time="2025-02-13T17:04:56.441985" level="FAIL">HTTPError: 400 Client Error: Bad Request for url: https://viacep.com.br/ws/111/json/</msg>
<arg>${BASE_URL}${CEP_INCOMPLETO}/json/</arg>
<doc>Sends a GET request.</doc>
<status status="FAIL" start="2025-02-13T17:04:55.802227" elapsed="0.642703">HTTPError: 400 Client Error: Bad Request for url: https://viacep.com.br/ws/111/json/</status>
</kw>
<msg time="2025-02-13T17:04:56.444930" level="INFO">${response} = ('FAIL', 'HTTPError: 400 Client Error: Bad Request for url: https://viacep.com.br/ws/111/json/')</msg>
<var>${response}</var>
<arg>Get</arg>
<arg>${BASE_URL}${CEP_INCOMPLETO}/json/</arg>
<doc>Runs the given keyword with the given arguments and ignores possible error.</doc>
<status status="PASS" start="2025-02-13T17:04:55.802227" elapsed="0.642703"/>
</kw>
<kw name="Run Keyword And Ignore Error" owner="BuiltIn">
<kw name="Should Not Be Equal As Numbers" owner="BuiltIn">
<msg time="2025-02-13T17:04:56.444930" level="FAIL">Resolving variable '${response.status_code}' failed: AttributeError: 'tuple' object has no attribute 'status_code'</msg>
<arg>${response.status_code}</arg>
<arg>400</arg>
<doc>Fails if objects are equal after converting them to real numbers.</doc>
<status status="FAIL" start="2025-02-13T17:04:56.444930" elapsed="0.000000">Resolving variable '${response.status_code}' failed: AttributeError: 'tuple' object has no attribute 'status_code'</status>
</kw>
<msg time="2025-02-13T17:04:56.444930" level="INFO">${result} = ('FAIL', "Resolving variable '${response.status_code}' failed: AttributeError: 'tuple' object has no attribute 'status_code'")</msg>
<var>${result}</var>
<arg>Should Not Be Equal As Numbers</arg>
<arg>${response.status_code}</arg>
<arg>400</arg>
<doc>Runs the given keyword with the given arguments and ignores possible error.</doc>
<status status="PASS" start="2025-02-13T17:04:56.444930" elapsed="0.005924"/>
</kw>
<kw name="Run Keyword If" owner="BuiltIn">
<kw name="Log" owner="BuiltIn">
<msg time="2025-02-13T17:04:56.450854" level="ERROR">TESTE NOK: Status Code 400 esperado</msg>
<arg>TESTE NOK: Status Code 400 esperado</arg>
<arg>level=ERROR</arg>
<doc>Logs the given message with the given level.</doc>
<status status="PASS" start="2025-02-13T17:04:56.450854" elapsed="0.000000"/>
</kw>
<arg>'${result[0]}' == 'FAIL'</arg>
<arg>Log</arg>
<arg>TESTE NOK: Status Code 400 esperado</arg>
<arg>level=ERROR</arg>
<doc>Runs the given keyword with the given arguments, if ``condition`` is true.</doc>
<status status="PASS" start="2025-02-13T17:04:56.450854" elapsed="0.000000"/>
</kw>
<kw name="Run Keyword If" owner="BuiltIn">
<arg>'${result[0]}' == 'PASS'</arg>
<arg>Log</arg>
<arg>TESTE OK: Status Code correto</arg>
<doc>Runs the given keyword with the given arguments, if ``condition`` is true.</doc>
<status status="PASS" start="2025-02-13T17:04:56.453661" elapsed="0.001074"/>
</kw>
<doc>Testa um CEP incompleto e verifica se retorna erro.</doc>
<status status="PASS" start="2025-02-13T17:04:55.802227" elapsed="0.652508"/>
</test>
<test id="s1-t4" name="04 - Consultar um CEP Incorreto" line="70">
<kw name="Run Keyword And Ignore Error" owner="BuiltIn">
<kw name="GET" owner="RequestsLibrary">
<msg time="2025-02-13T17:04:57.008783" level="INFO">GET Request : url=https://viacep.com.br/ws/8888888888888888888888888888888888888888888/json/ 
 path_url=/ws/8888888888888888888888888888888888888888888/json/ 
 headers={'User-Agent': 'python-requests/2.32.3', 'Accept-Encoding': 'gzip, deflate', 'Accept': '*/*', 'Connection': 'keep-alive'} 
 body=None 
 </msg>
<msg time="2025-02-13T17:04:57.008783" level="INFO">GET Response : url=https://viacep.com.br/ws/8888888888888888888888888888888888888888888/json/ 
 status=400, reason=Bad Request 
 headers={'Server': 'nginx/1.22.0', 'Date': 'Thu, 13 Feb 2025 20:04:54 GMT', 'Content-Type': 'text/html; charset=utf-8', 'Content-Length': '494', 'Connection': 'close', 'ETag': '"6242f812-1ee"', 'Strict-Transport-Security': 'max-age=63072000'} 
 body=&lt;!DOCTYPE HTML&gt;
&lt;html lang="pt-br"&gt;

&lt;head&gt;
  &lt;title&gt;ViaCEP 400&lt;/title&gt;
  &lt;meta charset="utf-8" /&gt;
  &lt;style type="text/css"&gt;
      h1 {
          color: #555;
          text-align: center;
          font-size: 4em;
      }
      h2, h3 {
          color: #666;
          text-align: center;
          font-size: 3em;
      }
      h3 {
          font-size: 1.5em;
      }
  &lt;/style&gt;
&lt;/head&gt;

&lt;body&gt;
    &lt;h1&gt;Http 400&lt;/h1&gt;
    &lt;h3&gt;Verifique a URL&lt;/h3&gt;
    &lt;h3&gt;{Bad Request}&lt;/h3&gt;
&lt;/body&gt;

&lt;/html&gt;
 
 </msg>
<msg time="2025-02-13T17:04:57.008783" level="FAIL">HTTPError: 400 Client Error: Bad Request for url: https://viacep.com.br/ws/8888888888888888888888888888888888888888888/json/</msg>
<arg>${BASE_URL}${CEP_INCORRETO}/json/</arg>
<doc>Sends a GET request.</doc>
<status status="FAIL" start="2025-02-13T17:04:56.456858" elapsed="0.551925">HTTPError: 400 Client Error: Bad Request for url: https://viacep.com.br/ws/8888888888888888888888888888888888888888888/json/</status>
</kw>
<msg time="2025-02-13T17:04:57.008783" level="INFO">${response} = ('FAIL', 'HTTPError: 400 Client Error: Bad Request for url: https://viacep.com.br/ws/8888888888888888888888888888888888888888888/json/')</msg>
<var>${response}</var>
<arg>Get</arg>
<arg>${BASE_URL}${CEP_INCORRETO}/json/</arg>
<doc>Runs the given keyword with the given arguments and ignores possible error.</doc>
<status status="PASS" start="2025-02-13T17:04:56.456858" elapsed="0.559582"/>
</kw>
<kw name="Run Keyword And Ignore Error" owner="BuiltIn">
<kw name="Should Not Be Equal As Numbers" owner="BuiltIn">
<msg time="2025-02-13T17:04:57.016440" level="FAIL">Resolving variable '${response.status_code}' failed: AttributeError: 'tuple' object has no attribute 'status_code'</msg>
<arg>${response.status_code}</arg>
<arg>400</arg>
<doc>Fails if objects are equal after converting them to real numbers.</doc>
<status status="FAIL" start="2025-02-13T17:04:57.016440" elapsed="0.000000">Resolving variable '${response.status_code}' failed: AttributeError: 'tuple' object has no attribute 'status_code'</status>
</kw>
<msg time="2025-02-13T17:04:57.016440" level="INFO">${result} = ('FAIL', "Resolving variable '${response.status_code}' failed: AttributeError: 'tuple' object has no attribute 'status_code'")</msg>
<var>${result}</var>
<arg>Should Not Be Equal As Numbers</arg>
<arg>${response.status_code}</arg>
<arg>400</arg>
<doc>Runs the given keyword with the given arguments and ignores possible error.</doc>
<status status="PASS" start="2025-02-13T17:04:57.016440" elapsed="0.000000"/>
</kw>
<kw name="Run Keyword If" owner="BuiltIn">
<kw name="Log" owner="BuiltIn">
<msg time="2025-02-13T17:04:57.016440" level="ERROR">TESTE NOK: Status Code 400 esperado</msg>
<arg>TESTE NOK: Status Code 400 esperado</arg>
<arg>level=ERROR</arg>
<doc>Logs the given message with the given level.</doc>
<status status="PASS" start="2025-02-13T17:04:57.016440" elapsed="0.000000"/>
</kw>
<arg>'${result[0]}' == 'FAIL'</arg>
<arg>Log</arg>
<arg>TESTE NOK: Status Code 400 esperado</arg>
<arg>level=ERROR</arg>
<doc>Runs the given keyword with the given arguments, if ``condition`` is true.</doc>
<status status="PASS" start="2025-02-13T17:04:57.016440" elapsed="0.000000"/>
</kw>
<kw name="Run Keyword If" owner="BuiltIn">
<arg>'${result[0]}' == 'PASS'</arg>
<arg>Log</arg>
<arg>TESTE OK: Status Code correto</arg>
<doc>Runs the given keyword with the given arguments, if ``condition`` is true.</doc>
<status status="PASS" start="2025-02-13T17:04:57.016440" elapsed="0.000000"/>
</kw>
<doc>Testa um CEP muito grande e verifica se retorna erro.</doc>
<status status="PASS" start="2025-02-13T17:04:56.454735" elapsed="0.561705"/>
</test>
<test id="s1-t5" name="05 - Consultar um CEP com Caracteres Especiais" line="77">
<kw name="Run Keyword And Ignore Error" owner="BuiltIn">
<kw name="GET" owner="RequestsLibrary">
<msg time="2025-02-13T17:04:57.560219" level="INFO">GET Request : url=https://viacep.com.br/ws/1111321@/json/ 
 path_url=/ws/1111321@/json/ 
 headers={'User-Agent': 'python-requests/2.32.3', 'Accept-Encoding': 'gzip, deflate', 'Accept': '*/*', 'Connection': 'keep-alive'} 
 body=None 
 </msg>
<msg time="2025-02-13T17:04:57.560219" level="INFO">GET Response : url=https://viacep.com.br/ws/1111321@/json/ 
 status=400, reason=Bad Request 
 headers={'Server': 'nginx/1.22.0', 'Date': 'Thu, 13 Feb 2025 20:04:55 GMT', 'Content-Type': 'text/html; charset=utf-8', 'Content-Length': '494', 'Connection': 'close', 'ETag': '"6242f812-1ee"', 'Strict-Transport-Security': 'max-age=63072000'} 
 body=&lt;!DOCTYPE HTML&gt;
&lt;html lang="pt-br"&gt;

&lt;head&gt;
  &lt;title&gt;ViaCEP 400&lt;/title&gt;
  &lt;meta charset="utf-8" /&gt;
  &lt;style type="text/css"&gt;
      h1 {
          color: #555;
          text-align: center;
          font-size: 4em;
      }
      h2, h3 {
          color: #666;
          text-align: center;
          font-size: 3em;
      }
      h3 {
          font-size: 1.5em;
      }
  &lt;/style&gt;
&lt;/head&gt;

&lt;body&gt;
    &lt;h1&gt;Http 400&lt;/h1&gt;
    &lt;h3&gt;Verifique a URL&lt;/h3&gt;
    &lt;h3&gt;{Bad Request}&lt;/h3&gt;
&lt;/body&gt;

&lt;/html&gt;
 
 </msg>
<msg time="2025-02-13T17:04:57.560219" level="FAIL">HTTPError: 400 Client Error: Bad Request for url: https://viacep.com.br/ws/1111321@/json/</msg>
<arg>${BASE_URL}${CEP_SPECIAL}/json/</arg>
<doc>Sends a GET request.</doc>
<status status="FAIL" start="2025-02-13T17:04:57.016440" elapsed="0.543779">HTTPError: 400 Client Error: Bad Request for url: https://viacep.com.br/ws/1111321@/json/</status>
</kw>
<msg time="2025-02-13T17:04:57.560219" level="INFO">${response} = ('FAIL', 'HTTPError: 400 Client Error: Bad Request for url: https://viacep.com.br/ws/1111321@/json/')</msg>
<var>${response}</var>
<arg>Get</arg>
<arg>${BASE_URL}${CEP_SPECIAL}/json/</arg>
<doc>Runs the given keyword with the given arguments and ignores possible error.</doc>
<status status="PASS" start="2025-02-13T17:04:57.016440" elapsed="0.543779"/>
</kw>
<kw name="Run Keyword And Ignore Error" owner="BuiltIn">
<kw name="Should Not Be Equal As Numbers" owner="BuiltIn">
<msg time="2025-02-13T17:04:57.560219" level="FAIL">Resolving variable '${response.status_code}' failed: AttributeError: 'tuple' object has no attribute 'status_code'</msg>
<arg>${response.status_code}</arg>
<arg>400</arg>
<doc>Fails if objects are equal after converting them to real numbers.</doc>
<status status="FAIL" start="2025-02-13T17:04:57.560219" elapsed="0.000000">Resolving variable '${response.status_code}' failed: AttributeError: 'tuple' object has no attribute 'status_code'</status>
</kw>
<msg time="2025-02-13T17:04:57.560219" level="INFO">${result} = ('FAIL', "Resolving variable '${response.status_code}' failed: AttributeError: 'tuple' object has no attribute 'status_code'")</msg>
<var>${result}</var>
<arg>Should Not Be Equal As Numbers</arg>
<arg>${response.status_code}</arg>
<arg>400</arg>
<doc>Runs the given keyword with the given arguments and ignores possible error.</doc>
<status status="PASS" start="2025-02-13T17:04:57.560219" elapsed="0.000000"/>
</kw>
<kw name="Run Keyword If" owner="BuiltIn">
<kw name="Log" owner="BuiltIn">
<msg time="2025-02-13T17:04:57.560219" level="ERROR">TESTE NOK: Status Code 400 esperado</msg>
<arg>TESTE NOK: Status Code 400 esperado</arg>
<arg>level=ERROR</arg>
<doc>Logs the given message with the given level.</doc>
<status status="PASS" start="2025-02-13T17:04:57.560219" elapsed="0.000000"/>
</kw>
<arg>'${result[0]}' == 'FAIL'</arg>
<arg>Log</arg>
<arg>TESTE NOK: Status Code 400 esperado</arg>
<arg>level=ERROR</arg>
<doc>Runs the given keyword with the given arguments, if ``condition`` is true.</doc>
<status status="PASS" start="2025-02-13T17:04:57.560219" elapsed="0.000000"/>
</kw>
<kw name="Run Keyword If" owner="BuiltIn">
<arg>'${result[0]}' == 'PASS'</arg>
<arg>Log</arg>
<arg>TESTE OK: Status Code correto</arg>
<doc>Runs the given keyword with the given arguments, if ``condition`` is true.</doc>
<status status="PASS" start="2025-02-13T17:04:57.560219" elapsed="0.000000"/>
</kw>
<doc>Testa um CEP com caracteres especiais e verifica se retorna erro.</doc>
<status status="PASS" start="2025-02-13T17:04:57.016440" elapsed="0.543779"/>
</test>
<status status="PASS" start="2025-02-13T17:04:54.101584" elapsed="3.458635"/>
</suite>
<statistics>
<total>
<stat pass="5" fail="0" skip="0">All Tests</stat>
</total>
<tag>
</tag>
<suite>
<stat pass="5" fail="0" skip="0" id="s1" name="Test">Test</stat>
</suite>
</statistics>
<errors>
<msg time="2025-02-13T17:04:54.101584" level="ERROR">Error in file 'C:\Teste_Aut_ViaCEP\test.robot' on line 21: Setting variable '' failed: Invalid variable name ''.</msg>
<msg time="2025-02-13T17:04:54.101584" level="ERROR">Error in file 'C:\Teste_Aut_ViaCEP\test.robot' on line 22: Setting variable '' failed: Invalid variable name ''.</msg>
<msg time="2025-02-13T17:04:54.101584" level="ERROR">Error in file 'C:\Teste_Aut_ViaCEP\test.robot' on line 23: Setting variable '' failed: Invalid variable name ''.</msg>
<msg time="2025-02-13T17:04:54.101584" level="ERROR">Error in file 'C:\Teste_Aut_ViaCEP\test.robot' on line 24: Setting variable '' failed: Invalid variable name ''.</msg>
<msg time="2025-02-13T17:04:54.101584" level="ERROR">Error in file 'C:\Teste_Aut_ViaCEP\test.robot' on line 25: Setting variable '' failed: Invalid variable name ''.</msg>
<msg time="2025-02-13T17:04:54.101584" level="ERROR">Error in file 'C:\Teste_Aut_ViaCEP\test.robot' on line 26: Setting variable '' failed: Invalid variable name ''.</msg>
<msg time="2025-02-13T17:04:54.101584" level="ERROR">Error in file 'C:\Teste_Aut_ViaCEP\test.robot' on line 27: Setting variable '' failed: Invalid variable name ''.</msg>
<msg time="2025-02-13T17:04:54.101584" level="ERROR">Error in file 'C:\Teste_Aut_ViaCEP\test.robot' on line 28: Setting variable '' failed: Invalid variable name ''.</msg>
<msg time="2025-02-13T17:04:54.101584" level="ERROR">Error in file 'C:\Teste_Aut_ViaCEP\test.robot' on line 29: Setting variable '' failed: Invalid variable name ''.</msg>
<msg time="2025-02-13T17:04:54.101584" level="ERROR">Error in file 'C:\Teste_Aut_ViaCEP\test.robot' on line 30: Setting variable '' failed: Invalid variable name ''.</msg>
<msg time="2025-02-13T17:04:54.101584" level="ERROR">Error in file 'C:\Teste_Aut_ViaCEP\test.robot' on line 31: Setting variable '' failed: Invalid variable name ''.</msg>
<msg time="2025-02-13T17:04:54.101584" level="ERROR">Error in file 'C:\Teste_Aut_ViaCEP\test.robot' on line 32: Setting variable '' failed: Invalid variable name ''.</msg>
<msg time="2025-02-13T17:04:54.101584" level="ERROR">Error in file 'C:\Teste_Aut_ViaCEP\test.robot' on line 33: Setting variable '' failed: Invalid variable name ''.</msg>
<msg time="2025-02-13T17:04:54.101584" level="ERROR">Error in file 'C:\Teste_Aut_ViaCEP\test.robot' on line 34: Setting variable '}' failed: Invalid variable name '}'.</msg>
<msg time="2025-02-13T17:04:55.186247" level="ERROR">TESTE NOK: Dados não conferem</msg>
<msg time="2025-02-13T17:04:55.788853" level="ERROR">TESTE NOK: Status Code 200 para CEP inválido</msg>
<msg time="2025-02-13T17:04:56.450854" level="ERROR">TESTE NOK: Status Code 400 esperado</msg>
<msg time="2025-02-13T17:04:57.016440" level="ERROR">TESTE NOK: Status Code 400 esperado</msg>
<msg time="2025-02-13T17:04:57.560219" level="ERROR">TESTE NOK: Status Code 400 esperado</msg>
</errors>
</robot>
